Arguments: 
  C:\Program Files\nodejs\node.exe C:\Program Files (x86)\Yarn\bin\yarn.js add font wesome icons

PATH: 
  C:\WINDOWS\system32;C:\WINDOWS;C:\WINDOWS\System32\Wbem;C:\WINDOWS\System32\WindowsPowerShell\v1.0\;C:\Program Files (x86)\Skype\Phone\;C:\WINDOWS\System32\OpenSSH\;C:\Program Files\Microsoft SQL Server\110\Tools\Binn\;C:\Program Files\Git\cmd;C:\Program Files\nodejs\;C:\Program Files (x86)\Yarn\bin\;C:\xam\php\php.exe;C:\ProgramData\ComposerSetup\bin;C:\Users\c-bluetut05\AppData\Local\Microsoft\WindowsApps;C:\Users\c-bluetut05\AppData\Local\Programs\Microsoft VS Code\bin;C:\Users\c-bluetut05\AppData\Roaming\npm;C:\Users\c-bluetut05\AppData\Local\Yarn\bin;C:\xam\php;C:\Users\c-bluetut05\AppData\Roaming\Composer\vendor\bin

Yarn version: 
  1.22.5

Node version: 
  12.18.4

Platform: 
  win32 x64

Trace: 
  Error: https://registry.yarnpkg.com/wesome: Not found
      at Request.params.callback [as _callback] (C:\Program Files (x86)\Yarn\lib\cli.js:66097:18)
      at Request.self.callback (C:\Program Files (x86)\Yarn\lib\cli.js:140749:22)
      at Request.emit (events.js:315:20)
      at Request.<anonymous> (C:\Program Files (x86)\Yarn\lib\cli.js:141721:10)
      at Request.emit (events.js:315:20)
      at IncomingMessage.<anonymous> (C:\Program Files (x86)\Yarn\lib\cli.js:141643:12)
      at Object.onceWrapper (events.js:421:28)
      at IncomingMessage.emit (events.js:327:22)
      at endReadableNT (_stream_readable.js:1220:12)
      at processTicksAndRejections (internal/process/task_queues.js:84:21)

npm manifest: 
  {
    "name": "paola12tut.sistema",
    "version": "1.0.0",
    "description": "sistema de artesonline",
    "main": "javascript.js",
    "dependencies": {
      "bulma": "^0.9.1",
      "jquery": "^3.5.1",
      "jquery-mobile": "^1.5.0-alpha.1"
    },
    "scripts": {
      "test": "echo \"Error: no test specified\" && exit 1"
    },
    "author": "perla paola tut matos",
    "license": "ISC",
    "devDependencies": {}
  }

yarn manifest: 
  No manifest

Lockfile: 
  # THIS IS AN AUTOGENERATED FILE. DO NOT EDIT THIS FILE DIRECTLY.
  # yarn lockfile v1
  
  
  bulma@^0.9.1:
    version "0.9.1"
    resolved "https://registry.yarnpkg.com/bulma/-/bulma-0.9.1.tgz#2bf0e25062a22166db5c92e8c3dcb4605ab040d8"
    integrity sha512-LSF69OumXg2HSKl2+rN0/OEXJy7WFEb681wtBlNS/ulJYR27J3rORHibdXZ6GVb/vyUzzYK/Arjyh56wjbFedA==
  
  jquery-mobile@^1.5.0-alpha.1:
    version "1.5.0-alpha.1"
    resolved "https://registry.yarnpkg.com/jquery-mobile/-/jquery-mobile-1.5.0-alpha.1.tgz#2a8410d57f3bdeb7b969de2f4da9dc3906f9919e"
    integrity sha1-KoQQ1X873re5ad4vTancOQb5kZ4=
    dependencies:
      jquery ">=1.8.3"
  
  jquery@>=1.8.3, jquery@^3.5.1:
    version "3.5.1"
    resolved "https://registry.yarnpkg.com/jquery/-/jquery-3.5.1.tgz#d7b4d08e1bfdb86ad2f1a3d039ea17304717abb5"
    integrity sha512-XwIBPqcMn57FxfT+Go5pzySnm4KWkT1Tv7gjrpT1srtf8Weynl6R273VJ5GjkRb51IzMp5nbaPjJXMWeju2MKg==
